-------------------------------------------------------------------------------
Test set: br.com.interato.tests.testExploratorioTests
-------------------------------------------------------------------------------
Tests run: 1, Failures: 0, Errors: 1, Skipped: 0, Time elapsed: 0.009 s <<< FAILURE! -- in br.com.interato.tests.testExploratorioTests
br.com.interato.tests.testExploratorioTests -- Time elapsed: 0.009 s <<< ERROR!
org.junit.platform.commons.JUnitException: @BeforeAll method 'public void br.com.interato.tests.testExploratorioTests.setUpReport()' must be static unless the test class is annotated with @TestInstance(Lifecycle.PER_CLASS).
	at java.base/java.util.ArrayList.forEach(ArrayList.java:1511)
	at java.base/java.util.Collections$UnmodifiableCollection.forEach(Collections.java:1092)
	at java.base/java.util.ArrayList.forEach(ArrayList.java:1511)

